Invalid port. Exiting...
1695956558220	geckodriver	INFO	Listening on 127.0.0.1:1345
1695956561278	mozrunner::runner	INFO	Running command: "C:\\Program Files\\Mozilla Firefox\\firefox.exe" "--marionette" "user-data-dir=C:\\Users\\CHALN\\Desktop\\c ... 6" "--remote-allow-hosts" "localhost" "-no-remote" "-profile" "C:\\Users\\CHALN\\AppData\\Local\\Temp\\rust_mozprofileXB0bPZ"
1695956627194	geckodriver	INFO	Listening on 127.0.0.1:1430
1695956630275	mozrunner::runner	INFO	Running command: "C:\\Program Files\\Mozilla Firefox\\firefox.exe" "--marionette" "--user-data-dir=C:\\Users\\CHALN\\Desktop\ ... 1" "--remote-allow-hosts" "localhost" "-no-remote" "-profile" "C:\\Users\\CHALN\\AppData\\Local\\Temp\\rust_mozprofileDkdMgk"
console.warn: services.settings: Ignoring preference override of remote settings server
console.warn: services.settings: Allow by setting MOZ_REMOTE_SETTINGS_DEVTOOLS=1 in the environment
1695956630563	Marionette	INFO	Marionette enabled
Dynamically enable window occlusion 0
console.error: "Warning: unrecognized command line flag" "-user-data-dir"
1695956630612	Marionette	INFO	Listening on port 1444
WebDriver BiDi listening on ws://127.0.0.1:1431
Read port: 1444
1695956630769	RemoteAgent	WARN	TLS certificate errors will be ignored for this session
DevTools listening on ws://127.0.0.1:1431/devtools/browser/90166f03-bf05-49ed-9227-f46bbfcf5751
JavaScript error: https://cdn-cos-ke.myoed.com/ke_proj/core/_next/static/chunks/framework-ff1e487288902b6e.js, line 1: Error: Minified React error #418; visit https://reactjs.org/docs/error-decoder.html?invariant=418 for the full message or use the non-minified dev environment for full errors and additional helpful warnings.
JavaScript error: https://cdn-cos-ke.myoed.com/ke_proj/core/_next/static/chunks/framework-ff1e487288902b6e.js, line 1: Error: Minified React error #418; visit https://reactjs.org/docs/error-decoder.html?invariant=418 for the full message or use the non-minified dev environment for full errors and additional helpful warnings.
JavaScript error: https://cdn-cos-ke.myoed.com/ke_proj/core/_next/static/chunks/framework-ff1e487288902b6e.js, line 1: Error: Minified React error #418; visit https://reactjs.org/docs/error-decoder.html?invariant=418 for the full message or use the non-minified dev environment for full errors and additional helpful warnings.
JavaScript error: https://cdn-cos-ke.myoed.com/ke_proj/core/_next/static/chunks/framework-ff1e487288902b6e.js, line 1: Error: Minified React error #418; visit https://reactjs.org/docs/error-decoder.html?invariant=418 for the full message or use the non-minified dev environment for full errors and additional helpful warnings.
JavaScript error: https://cdn-cos-ke.myoed.com/ke_proj/core/_next/static/chunks/framework-ff1e487288902b6e.js, line 1: Error: Minified React error #418; visit https://reactjs.org/docs/error-decoder.html?invariant=418 for the full message or use the non-minified dev environment for full errors and additional helpful warnings.
JavaScript error: https://cdn-cos-ke.myoed.com/ke_proj/core/_next/static/chunks/framework-ff1e487288902b6e.js, line 1: Error: Minified React error #418; visit https://reactjs.org/docs/error-decoder.html?invariant=418 for the full message or use the non-minified dev environment for full errors and additional helpful warnings.
JavaScript error: https://cdn-cos-ke.myoed.com/ke_proj/core/_next/static/chunks/framework-ff1e487288902b6e.js, line 1: Error: Minified React error #418; visit https://reactjs.org/docs/error-decoder.html?invariant=418 for the full message or use the non-minified dev environment for full errors and additional helpful warnings.
JavaScript error: https://cdn-cos-ke.myoed.com/ke_proj/core/_next/static/chunks/framework-ff1e487288902b6e.js, line 1: Error: Minified React error #423; visit https://reactjs.org/docs/error-decoder.html?invariant=423 for the full message or use the non-minified dev environment for full errors and additional helpful warnings.
JavaScript warning: https://7.idqqimg.com/edu/static/common/fp.js, line 1: WEBGL_debug_renderer_info is deprecated in Firefox and will be removed. Please use RENDERER.
JavaScript warning: https://7.idqqimg.com/edu/static/common/fp.js, line 1: WebGL context was lost.
console.warn: services.settings: Ignoring preference override of remote settings server
console.warn: services.settings: Allow by setting MOZ_REMOTE_SETTINGS_DEVTOOLS=1 in the environment
console.error: (new TypeError("lazy.AsyncShutdown.profileBeforeChange is undefined", "resource://services-settings/Database.sys.mjs", 593))
JavaScript warning: https://t.captcha.qq.com/tdc.js?app_data=7113357840151527424&t=1107519125?t=1695956669, line 1: WEBGL_debug_renderer_info is deprecated in Firefox and will be removed. Please use RENDERER.
JavaScript warning: https://t.captcha.qq.com/tdc.js?app_data=7113357840151527424&t=1107519125?t=1695956669, line 1: WEBGL_debug_renderer_info is deprecated in Firefox and will be removed. Please use RENDERER.
1695956709085	Marionette	INFO	Stopped listening on port 1444
Dynamically enable window occlusion 1
1695956713655	geckodriver	INFO	Listening on 127.0.0.1:1684
1695956716741	mozrunner::runner	INFO	Running command: "C:\\Program Files\\Mozilla Firefox\\firefox.exe" "--marionette" "--user-data-dir=C:\\Users\\CHALN\\Desktop\ ... 5" "--remote-allow-hosts" "localhost" "-no-remote" "-profile" "C:\\Users\\CHALN\\AppData\\Local\\Temp\\rust_mozprofilehrZTsG"
console.warn: services.settings: Ignoring preference override of remote settings server
console.warn: services.settings: Allow by setting MOZ_REMOTE_SETTINGS_DEVTOOLS=1 in the environment
1695956717014	Marionette	INFO	Marionette enabled
Dynamically enable window occlusion 0
console.error: "Warning: unrecognized command line flag" "-user-data-dir"
1695956717066	Marionette	INFO	Listening on port 1693
WebDriver BiDi listening on ws://127.0.0.1:1685
Read port: 1693
1695956717164	RemoteAgent	WARN	TLS certificate errors will be ignored for this session
DevTools listening on ws://127.0.0.1:1685/devtools/browser/5d241297-ba24-46bc-91e0-d86b41cd0290
JavaScript error: https://cdn-cos-ke.myoed.com/ke_proj/core/_next/static/chunks/framework-ff1e487288902b6e.js, line 1: Error: Minified React error #418; visit https://reactjs.org/docs/error-decoder.html?invariant=418 for the full message or use the non-minified dev environment for full errors and additional helpful warnings.
JavaScript error: https://cdn-cos-ke.myoed.com/ke_proj/core/_next/static/chunks/framework-ff1e487288902b6e.js, line 1: Error: Minified React error #418; visit https://reactjs.org/docs/error-decoder.html?invariant=418 for the full message or use the non-minified dev environment for full errors and additional helpful warnings.
JavaScript error: https://cdn-cos-ke.myoed.com/ke_proj/core/_next/static/chunks/framework-ff1e487288902b6e.js, line 1: Error: Minified React error #418; visit https://reactjs.org/docs/error-decoder.html?invariant=418 for the full message or use the non-minified dev environment for full errors and additional helpful warnings.
JavaScript error: https://cdn-cos-ke.myoed.com/ke_proj/core/_next/static/chunks/framework-ff1e487288902b6e.js, line 1: Error: Minified React error #418; visit https://reactjs.org/docs/error-decoder.html?invariant=418 for the full message or use the non-minified dev environment for full errors and additional helpful warnings.
JavaScript error: https://cdn-cos-ke.myoed.com/ke_proj/core/_next/static/chunks/framework-ff1e487288902b6e.js, line 1: Error: Minified React error #418; visit https://reactjs.org/docs/error-decoder.html?invariant=418 for the full message or use the non-minified dev environment for full errors and additional helpful warnings.
JavaScript error: https://cdn-cos-ke.myoed.com/ke_proj/core/_next/static/chunks/framework-ff1e487288902b6e.js, line 1: Error: Minified React error #418; visit https://reactjs.org/docs/error-decoder.html?invariant=418 for the full message or use the non-minified dev environment for full errors and additional helpful warnings.
JavaScript error: https://cdn-cos-ke.myoed.com/ke_proj/core/_next/static/chunks/framework-ff1e487288902b6e.js, line 1: Error: Minified React error #418; visit https://reactjs.org/docs/error-decoder.html?invariant=418 for the full message or use the non-minified dev environment for full errors and additional helpful warnings.
JavaScript error: https://cdn-cos-ke.myoed.com/ke_proj/core/_next/static/chunks/framework-ff1e487288902b6e.js, line 1: Error: Minified React error #423; visit https://reactjs.org/docs/error-decoder.html?invariant=423 for the full message or use the non-minified dev environment for full errors and additional helpful warnings.
JavaScript warning: https://7.idqqimg.com/edu/static/common/fp.js, line 1: WEBGL_debug_renderer_info is deprecated in Firefox and will be removed. Please use RENDERER.
JavaScript warning: https://7.idqqimg.com/edu/static/common/fp.js, line 1: WebGL context was lost.
1695956759443	Marionette	INFO	Stopped listening on port 1693
Dynamically enable window occlusion 1
1695957763721	geckodriver	INFO	Listening on 127.0.0.1:51500
1695957780359	mozrunner::runner	INFO	Running command: "C:\\Program Files\\Mozilla Firefox\\firefox.exe" "--marionette" "--disable-blink-features=AutomationControl ... 1" "--remote-allow-hosts" "localhost" "-no-remote" "-profile" "C:\\Users\\CHALN\\AppData\\Local\\Temp\\rust_mozprofilers8fFP"
console.warn: services.settings: Ignoring preference override of remote settings server
console.warn: services.settings: Allow by setting MOZ_REMOTE_SETTINGS_DEVTOOLS=1 in the environment
1695957781261	Marionette	INFO	Marionette enabled
Dynamically enable window occlusion 0
console.error: "Warning: unrecognized command line flag" "-disable-blink-features"
1695957781314	Marionette	INFO	Listening on port 51508
WebDriver BiDi listening on ws://127.0.0.1:51501
Read port: 51508
1695957781464	RemoteAgent	WARN	TLS certificate errors will be ignored for this session
DevTools listening on ws://127.0.0.1:51501/devtools/browser/66e258a1-a639-4ef9-ae59-a9e1a028733d
JavaScript error: https://cdn-cos-ke.myoed.com/ke_proj/core/_next/static/chunks/framework-ff1e487288902b6e.js, line 1: Error: Minified React error #418; visit https://reactjs.org/docs/error-decoder.html?invariant=418 for the full message or use the non-minified dev environment for full errors and additional helpful warnings.
JavaScript error: https://cdn-cos-ke.myoed.com/ke_proj/core/_next/static/chunks/framework-ff1e487288902b6e.js, line 1: Error: Minified React error #418; visit https://reactjs.org/docs/error-decoder.html?invariant=418 for the full message or use the non-minified dev environment for full errors and additional helpful warnings.
JavaScript error: https://cdn-cos-ke.myoed.com/ke_proj/core/_next/static/chunks/framework-ff1e487288902b6e.js, line 1: Error: Minified React error #418; visit https://reactjs.org/docs/error-decoder.html?invariant=418 for the full message or use the non-minified dev environment for full errors and additional helpful warnings.
JavaScript error: https://cdn-cos-ke.myoed.com/ke_proj/core/_next/static/chunks/framework-ff1e487288902b6e.js, line 1: Error: Minified React error #418; visit https://reactjs.org/docs/error-decoder.html?invariant=418 for the full message or use the non-minified dev environment for full errors and additional helpful warnings.
JavaScript error: https://cdn-cos-ke.myoed.com/ke_proj/core/_next/static/chunks/framework-ff1e487288902b6e.js, line 1: Error: Minified React error #418; visit https://reactjs.org/docs/error-decoder.html?invariant=418 for the full message or use the non-minified dev environment for full errors and additional helpful warnings.
JavaScript error: https://cdn-cos-ke.myoed.com/ke_proj/core/_next/static/chunks/framework-ff1e487288902b6e.js, line 1: Error: Minified React error #418; visit https://reactjs.org/docs/error-decoder.html?invariant=418 for the full message or use the non-minified dev environment for full errors and additional helpful warnings.
JavaScript error: https://cdn-cos-ke.myoed.com/ke_proj/core/_next/static/chunks/framework-ff1e487288902b6e.js, line 1: Error: Minified React error #418; visit https://reactjs.org/docs/error-decoder.html?invariant=418 for the full message or use the non-minified dev environment for full errors and additional helpful warnings.
JavaScript error: https://cdn-cos-ke.myoed.com/ke_proj/core/_next/static/chunks/framework-ff1e487288902b6e.js, line 1: Error: Minified React error #423; visit https://reactjs.org/docs/error-decoder.html?invariant=423 for the full message or use the non-minified dev environment for full errors and additional helpful warnings.
JavaScript error: moz-extension://382f0f43-5bad-4842-b54d-e9dad6349d17/assets/record.js, line 1: TypeError: i.parent is null
JavaScript error: moz-extension://382f0f43-5bad-4842-b54d-e9dad6349d17/assets/record.js, line 1: TypeError: i.parent is null
1695957786545	Sync.ErrorHandler	ERROR	Sync encountered an error: Error: Aborting sync, remote setup failed(resource://services-sync/stages/enginesync.sys.mjs:96:13) JS Stack trace: sync@enginesync.sys.mjs:96:13
console.error: "Sync encountered an error - see about:sync-log for the log file."
JavaScript warning: https://7.idqqimg.com/edu/static/common/fp.js, line 1: WEBGL_debug_renderer_info is deprecated in Firefox and will be removed. Please use RENDERER.
JavaScript warning: https://7.idqqimg.com/edu/static/common/fp.js, line 1: WebGL context was lost.
JavaScript warning: https://cdn-cos-ke.myoed.com/ke_proj/core/_next/static/chunks/pages/_app-3f03c42da31ccd3c.js, line 1: Script terminated by timeout at:
75114/qe/<@https://cdn-cos-ke.myoed.com/ke_proj/core/_next/static/chunks/pages/_app-3f03c42da31ccd3c.js:1:48587
o@https://cdn-cos-ke.myoed.com/ke_proj/core/_next/static/chunks/pages/_app-3f03c42da31ccd3c.js:1:49665

console.warn: LoginRecipes: "Falling back to a synchronous message for: http://acm.scu.edu.cn."
JavaScript error: resource://gre/modules/XULStore.sys.mjs, line 60: Error: Can't find profile directory.
JavaScript error: resource://gre/modules/XULStore.sys.mjs, line 60: Error: Can't find profile directory.
JavaScript error: resource://gre/modules/XULStore.sys.mjs, line 60: Error: Can't find profile directory.
1695957882411	Marionette	INFO	Stopped listening on port 51508
Dynamically enable window occlusion 1
1695957893977	geckodriver	INFO	Listening on 127.0.0.1:51635
1695957910789	mozrunner::runner	INFO	Running command: "C:\\Program Files\\Mozilla Firefox\\firefox.exe" "--marionette" "--disable-blink-features=AutomationControl ... 6" "--remote-allow-hosts" "localhost" "-no-remote" "-profile" "C:\\Users\\CHALN\\AppData\\Local\\Temp\\rust_mozprofile81e8Wr"
console.warn: services.settings: Ignoring preference override of remote settings server
console.warn: services.settings: Allow by setting MOZ_REMOTE_SETTINGS_DEVTOOLS=1 in the environment
1695957911690	Marionette	INFO	Marionette enabled
Dynamically enable window occlusion 0
console.error: "Warning: unrecognized command line flag" "-disable-blink-features"
1695957911744	Marionette	INFO	Listening on port 51645
WebDriver BiDi listening on ws://127.0.0.1:51636
Read port: 51645
1695957911891	RemoteAgent	WARN	TLS certificate errors will be ignored for this session
DevTools listening on ws://127.0.0.1:51636/devtools/browser/c5690768-bc21-4f8c-a1ea-78ccf9795a73
JavaScript error: https://start.firefoxchina.cn/_next/static/chunks/framework-4556c45dd113b893.js, line 1: Error: Minified React error #425; visit https://reactjs.org/docs/error-decoder.html?invariant=425 for the full message or use the non-minified dev environment for full errors and additional helpful warnings.
JavaScript error: https://start.firefoxchina.cn/_next/static/chunks/framework-4556c45dd113b893.js, line 1: Error: Minified React error #418; visit https://reactjs.org/docs/error-decoder.html?invariant=418 for the full message or use the non-minified dev environment for full errors and additional helpful warnings.
JavaScript error: https://start.firefoxchina.cn/_next/static/chunks/framework-4556c45dd113b893.js, line 1: Error: Minified React error #418; visit https://reactjs.org/docs/error-decoder.html?invariant=418 for the full message or use the non-minified dev environment for full errors and additional helpful warnings.
JavaScript error: https://start.firefoxchina.cn/_next/static/chunks/framework-4556c45dd113b893.js, line 1: Error: Minified React error #418; visit https://reactjs.org/docs/error-decoder.html?invariant=418 for the full message or use the non-minified dev environment for full errors and additional helpful warnings.
JavaScript error: https://start.firefoxchina.cn/_next/static/chunks/framework-4556c45dd113b893.js, line 1: Error: Minified React error #418; visit https://reactjs.org/docs/error-decoder.html?invariant=418 for the full message or use the non-minified dev environment for full errors and additional helpful warnings.
JavaScript error: https://start.firefoxchina.cn/_next/static/chunks/framework-4556c45dd113b893.js, line 1: Error: Minified React error #423; visit https://reactjs.org/docs/error-decoder.html?invariant=423 for the full message or use the non-minified dev environment for full errors and additional helpful warnings.
JavaScript warning: https://start.firefoxchina.cn/_next/static/chunks/main-fb11f0f10e3e8ca1.js, line 1: Script terminated by timeout at:
8745/61/v/<@https://start.firefoxchina.cn/_next/static/chunks/main-fb11f0f10e3e8ca1.js:1:102265
r@https://start.firefoxchina.cn/_next/static/chunks/main-fb11f0f10e3e8ca1.js:1:101848

JavaScript warning: https://www.douyin.com/, line 1: WEBGL_debug_renderer_info is deprecated in Firefox and will be removed. Please use RENDERER.
JavaScript warning: https://lf-c-flwb.bytetos.com/obj/rc-client-security/c-webmssdk/1.0.0.20/webmssdk.es5.js, line 2: WEBGL_debug_renderer_info is deprecated in Firefox and will be removed. Please use RENDERER.
JavaScript warning: https://lf3-cdn-tos.bytegoofy.com/obj/goofy/ies/douyin_web/async/6949.53f1be25.js, line 2: WEBGL_debug_renderer_info is deprecated in Firefox and will be removed. Please use RENDERER.
[Child 44516, MediaDecoderStateMachine #1] WARNING: Decoder=28cb1ec5700 Decode error: NS_ERROR_DOM_MEDIA_FATAL_ERR (0x806e0005) - Error no decoder found for video/hevc: file /builds/worker/checkouts/gecko/dom/media/MediaDecoderStateMachineBase.cpp:166
JavaScript warning: https://lf3-cdn-tos.bytegoofy.com/obj/goofy/ies/douyin_web/async/1098.a0e2436d.js line 2 > Function, line 3: WEBGL_debug_renderer_info is deprecated in Firefox and will be removed. Please use RENDERER.
JavaScript warning: https://lf-c-flwb.bytetos.com/obj/rc-client-security/c-webmssdk/1.0.0.20/webmssdk.es5.js, line 2: WEBGL_debug_renderer_info is deprecated in Firefox and will be removed. Please use RENDERER.
JavaScript error: moz-extension://382f0f43-5bad-4842-b54d-e9dad6349d17/assets/record.js, line 1: TypeError: i.parent is null
JavaScript warning: https://lf3-cdn-tos.bytegoofy.com/obj/goofy/ies/douyin_web/3945.422c3bb2.js, line 2: WEBGL_debug_renderer_info is deprecated in Firefox and will be removed. Please use RENDERER.
JavaScript warning: https://lf3-cdn-tos.bytegoofy.com/obj/goofy/ies/douyin_web/3945.422c3bb2.js, line 2: WEBGL_debug_renderer_info is deprecated in Firefox and will be removed. Please use RENDERER.
JavaScript warning: https://inklinkor.com/tag.min.js, line 1: WEBGL_debug_renderer_info is deprecated in Firefox and will be removed. Please use RENDERER.
JavaScript error: https://tech99.cn/_nuxt/7b9fc96.js, line 1: Error: AAB Request Failed
JavaScript warning: https://tzegilo.com/stattag.js, line 2: WEBGL_debug_renderer_info is deprecated in Firefox and will be removed. Please use RENDERER.
JavaScript error: https://ibrapush.com/pfe/current/tag.min.js?z=6039380, line 1: Error: AAB Request Failed
JavaScript warning: https://hm.baidu.com/hm.js?30cfe387fb95b11939fa56b21b653309, line 47: Script terminated by timeout at:
a@https://hm.baidu.com/hm.js?30cfe387fb95b11939fa56b21b653309:47:124

[Child 44516, MediaDecoderStateMachine #3] WARNING: 28cb18e2cd0 Could not set cubeb stream name.: file /builds/worker/checkouts/gecko/dom/media/AudioStream.cpp:321
[Child 44516, MediaDecoderStateMachine #3] WARNING: 28cb1aaa790 Could not set cubeb stream name.: file /builds/worker/checkouts/gecko/dom/media/AudioStream.cpp:321
[Child 44516, MediaDecoderStateMachine #3] WARNING: 28cb73cece0 Could not set cubeb stream name.: file /builds/worker/checkouts/gecko/dom/media/AudioStream.cpp:321
[Child 44516, MediaDecoderStateMachine #3] WARNING: 28cb73af350 Could not set cubeb stream name.: file /builds/worker/checkouts/gecko/dom/media/AudioStream.cpp:321
[Child 44516, MediaDecoderStateMachine #3] WARNING: 28cb13f5340 Could not set cubeb stream name.: file /builds/worker/checkouts/gecko/dom/media/AudioStream.cpp:321
[Child 44516, MediaDecoderStateMachine #3] WARNING: 28cb13cb120 Could not set cubeb stream name.: file /builds/worker/checkouts/gecko/dom/media/AudioStream.cpp:321
JavaScript error: resource://gre/actors/PictureInPictureChild.sys.mjs, line 1459: TypeError: state.hideToggleDeferredTask is null
JavaScript warning: https://www.douyin.com/, line 54: Script terminated by timeout at:
disconnectAndStopListening@https://www.douyin.com/:54:38

JavaScript error: resource://gre/actors/AudioPlaybackChild.sys.mjs, line 17: InvalidStateError: JSWindowActorChild.sendAsyncMessage: JSWindowActorChild cannot send at the moment
JavaScript warning: https://unpkg.byted-static.com/byted/mammon-engine/1.0.11/dist/mammon-worklet-processor.min.js, line 1: Script terminated by timeout at:
value@https://unpkg.byted-static.com/byted/mammon-engine/1.0.11/dist/mammon-worklet-processor.min.js:1:368051

1695958957133	Marionette	INFO	Stopped listening on port 51645
Dynamically enable window occlusion 1

JavaScript warning: https://lf3-cdn-tos.bytegoofy.com/obj/goofy/ies/douyin_web/3945.422c3bb2.js, line 2: WEBGL_debug_renderer_info is deprecated in Firefox and will be removed. Please use RENDERER.
JavaScript warning: https://lf3-cdn-tos.bytegoofy.com/obj/goofy/ies/douyin_web/3945.422c3bb2.js, line 2: WEBGL_debug_renderer_info is deprecated in Firefox and will be removed. Please use RENDERER.
[Child 38308, MediaDecoderStateMachine #1] WARNING: 208902db010 Could not set cubeb stream name.: file /builds/worker/checkouts/gecko/dom/media/AudioStream.cpp:321
[Child 38308, MediaDecoderStateMachine #1] WARNING: 208902a18a0 Could not set cubeb stream name.: file /builds/worker/checkouts/gecko/dom/media/AudioStream.cpp:321
[Child 38308, MediaDecoderStateMachine #1] WARNING: 20892da2010 Could not set cubeb stream name.: file /builds/worker/checkouts/gecko/dom/media/AudioStream.cpp:321
[Child 38308, MediaDecoderStateMachine #1] WARNING: 20891756790 Could not set cubeb stream name.: file /builds/worker/checkouts/gecko/dom/media/AudioStream.cpp:321
1695958960816	Marionette	INFO	Stopped listening on port 51858
Dynamically enable window occlusion 1
console.error: "Failed to fetch https://spocs.getpocket.com/user:" "NetworkError when attempting to fetch resource."
console.warn: TopSitesFeed: Failed to fetch data from Contile server: NetworkError when attempting to fetch resource.
1697431822443	geckodriver	INFO	Listening on 127.0.0.1:58576
1697431827184	mozrunner::runner	INFO	Running command: "C:\\Program Files\\Mozilla Firefox\\firefox.exe" "--marionette" "--disable-blink-features=AutomationControl ... "--remote-allow-hosts" "localhost" "-no-remote" "-profile" "C:\\Users\\PREJUD~1\\AppData\\Local\\Temp\\rust_mozprofileeWxUqX"
console.warn: services.settings: Ignoring preference override of remote settings server
console.warn: services.settings: Allow by setting MOZ_REMOTE_SETTINGS_DEVTOOLS=1 in the environment
1697431827658	Marionette	INFO	Marionette enabled
Dynamically enable window occlusion 0
console.error: "Warning: unrecognized command line flag" "-disable-blink-features"
1697431827713	Marionette	INFO	Listening on port 58587
WebDriver BiDi listening on ws://127.0.0.1:58577
Read port: 58587
1697431827902	RemoteAgent	WARN	TLS certificate errors will be ignored for this session
console.error: ({})
console.log: WebExtensions: activityStreamHack.initRemotePages init pl_no_more
DevTools listening on ws://127.0.0.1:58577/devtools/browser/37ed1bda-df93-4a49-a4a2-726456fc08d2
console.error: ({})
console.error: (new TypeError("Services is undefined", "resource://cpmanager-legacy/ceTracking.jsm", 150))
console.log: WebExtensions: activityStreamHack.initRemotePages init pl_no_more
JavaScript warning: https://www.douyin.com/, line 1: WEBGL_debug_renderer_info is deprecated in Firefox and will be removed. Please use RENDERER.
1697431829543	Marionette	WARN	Ignoring event 'DOMContentLoaded' because document has an invalid readyState of 'complete'.
JavaScript warning: https://lf-c-flwb.bytetos.com/obj/rc-client-security/c-webmssdk/1.0.0.20/webmssdk.es5.js, line 2: WEBGL_debug_renderer_info is deprecated in Firefox and will be removed. Please use RENDERER.
[Child 19704, MediaDecoderStateMachine #1] WARNING: Decoder=2955a8bd700 state=DECODING_METADATA Decode metadata failed, shutting down decoder: file /builds/worker/checkouts/gecko/dom/media/MediaDecoderStateMachine.cpp:372
[Child 19704, MediaDecoderStateMachine #1] WARNING: Decoder=2955a8bd700 Decode error: NS_ERROR_DOM_MEDIA_METADATA_ERR (0x806e0006): file /builds/worker/checkouts/gecko/dom/media/MediaDecoderStateMachineBase.cpp:166
JavaScript warning: https://lf3-cdn-tos.bytegoofy.com/obj/goofy/ies/douyin_web/async/6949.53f1be25.js, line 2: WEBGL_debug_renderer_info is deprecated in Firefox and will be removed. Please use RENDERER.
JavaScript warning: https://lf3-cdn-tos.bytegoofy.com/obj/goofy/ies/douyin_web/async/6949.53f1be25.js, line 2: WEBGL_debug_renderer_info is deprecated in Firefox and will be removed. Please use RENDERER.
JavaScript error: resource://cpmanager-legacy/ceTracking-old.jsm, line 254: TypeError: ADU_Task is undefined
JavaScript warning: https://lf-c-flwb.bytetos.com/obj/rc-client-security/c-webmssdk/1.0.0.20/webmssdk.es5.js, line 2: WEBGL_debug_renderer_info is deprecated in Firefox and will be removed. Please use RENDERER.
JavaScript warning: https://lf3-cdn-tos.bytegoofy.com/obj/goofy/ies/douyin_web/async/1098.a0e2436d.js line 2 > Function, line 3: WEBGL_debug_renderer_info is deprecated in Firefox and will be removed. Please use RENDERER.
JavaScript warning: https://lf3-cdn-tos.bytegoofy.com/obj/goofy/ies/douyin_web/3945.422c3bb2.js, line 2: WEBGL_debug_renderer_info is deprecated in Firefox and will be removed. Please use RENDERER.
JavaScript warning: https://lf3-cdn-tos.bytegoofy.com/obj/goofy/ies/douyin_web/3945.422c3bb2.js, line 2: WEBGL_debug_renderer_info is deprecated in Firefox and will be removed. Please use RENDERER.
JavaScript warning: https://lf3-cdn-tos.bytegoofy.com/obj/goofy/ies/douyin_web/async/2447.78ca0135.js, line 1: Script terminated by timeout at:
m@https://lf3-cdn-tos.bytegoofy.com/obj/goofy/ies/douyin_web/async/2447.78ca0135.js:1:34122

1697431849834	Marionette	INFO	Stopped listening on port 58587
Dynamically enable window occlusion 1
JavaScript error: resource://gre/modules/AsyncShutdown.sys.mjs, line 573: AbortError: Actor 'Conduits' destroyed before query 'RunListener' was resolved
JavaScript error: resource://gre/modules/AsyncShutdown.sys.mjs, line 573: AbortError: Actor 'Conduits' destroyed before query 'RunListener' was resolved
